<?xml version="1.0" encoding="UTF-8"?>
<!-- Generated by org.testng.reporters.JUnitReportReporter -->
<testsuite hostname="LTIN291834" failures="0" tests="5" name="testCases.TC_003_Amount" time="9.380" errors="0" timestamp="2024-02-13T10:40:12 IST" skipped="0">
  <testcase classname="testCases.TC_003_Amount" name="loanAmtuiTest" time="0.172"/>
  <testcase classname="testCases.TC_003_Amount" name="enterEMI" time="2.933"/>
  <testcase classname="testCases.TC_003_Amount" name="enterInterest" time="2.917"/>
  <testcase classname="testCases.TC_003_Amount" name="enterTenure" time="0.269"/>
  <testcase classname="testCases.TC_003_Amount" name="enterFees" time="3.089"/>
</testsuite> <!-- testCases.TC_003_Amount -->
