<?xml version="1.0" encoding="UTF-8"?>
<!-- Generated by org.testng.reporters.JUnitReportReporter -->
<testsuite hostname="LTIN291834" failures="0" tests="5" name="testCases.TC_003_Amount" time="10.180" errors="0" timestamp="2024-02-09T15:58:11 IST" skipped="0">
  <testcase classname="testCases.TC_003_Amount" name="loanAmtuiTest" time="0.243"/>
  <testcase classname="testCases.TC_003_Amount" name="enterEMI" time="3.028"/>
  <testcase classname="testCases.TC_003_Amount" name="enterInterest" time="3.016"/>
  <testcase classname="testCases.TC_003_Amount" name="enterTenure" time="0.506"/>
  <testcase classname="testCases.TC_003_Amount" name="enterFees" time="3.387"/>
</testsuite> <!-- testCases.TC_003_Amount -->
