<?xml version="1.0" encoding="UTF-8"?>
<!-- Generated by org.testng.reporters.JUnitReportReporter -->
<testsuite hostname="LTIN291834" failures="0" tests="5" name="testCases.TC_001_CarLoan" time="10.959" errors="0" timestamp="2024-02-13T09:40:14 IST" skipped="0">
  <testcase classname="testCases.TC_001_CarLoan" name="carLoanTest" time="0.049"/>
  <testcase classname="testCases.TC_001_CarLoan" name="carloanvalue" time="1.776"/>
  <testcase classname="testCases.TC_001_CarLoan" name="click_HomeLoan" time="1.957"/>
  <testcase classname="testCases.TC_001_CarLoan" name="homeLoanTest" time="3.907"/>
  <testcase classname="testCases.TC_001_CarLoan" name="excel" time="3.270"/>
</testsuite> <!-- testCases.TC_001_CarLoan -->
