<?xml version="1.0" encoding="UTF-8"?>
<!-- Generated by org.testng.reporters.JUnitReportReporter -->
<testsuite hostname="LTIN291834" failures="0" tests="5" name="testCases.TC_003_Amount" time="9.454" errors="0" timestamp="2024-02-13T10:47:02 IST" skipped="0">
  <testcase classname="testCases.TC_003_Amount" name="loanAmtuiTest" time="0.175"/>
  <testcase classname="testCases.TC_003_Amount" name="enterEMI" time="2.952"/>
  <testcase classname="testCases.TC_003_Amount" name="enterInterest" time="2.891"/>
  <testcase classname="testCases.TC_003_Amount" name="enterTenure" time="0.264"/>
  <testcase classname="testCases.TC_003_Amount" name="enterFees" time="3.172"/>
</testsuite> <!-- testCases.TC_003_Amount -->
