<?xml version="1.0" encoding="UTF-8"?>
<!-- Generated by org.testng.reporters.JUnitReportReporter -->
<testsuite hostname="LTIN291834" failures="0" tests="4" name="testCases.TC_002_EMI" time="9.293" errors="0" timestamp="2024-02-13T10:47:02 IST" skipped="0">
  <testcase classname="testCases.TC_002_EMI" name="enterLoanAmt" time="2.963"/>
  <testcase classname="testCases.TC_002_EMI" name="enterInterest" time="2.952"/>
  <testcase classname="testCases.TC_002_EMI" name="enterLoan" time="0.250"/>
  <testcase classname="testCases.TC_002_EMI" name="enterFees" time="3.128"/>
</testsuite> <!-- testCases.TC_002_EMI -->
