<?xml version="1.0" encoding="UTF-8"?>
<!-- Generated by org.testng.reporters.JUnitReportReporter -->
<testsuite hostname="LTIN291834" failures="0" tests="4" name="testCases.TC_004_Tenure" time="9.301" errors="0" timestamp="2024-02-13T10:47:02 IST" skipped="0">
  <testcase classname="testCases.TC_004_Tenure" name="loanTenureuiTest" time="0.153"/>
  <testcase classname="testCases.TC_004_Tenure" name="loantenuretest" time="3.093"/>
  <testcase classname="testCases.TC_004_Tenure" name="loanInterestTest" time="2.947"/>
  <testcase classname="testCases.TC_004_Tenure" name="loanFeesTest" time="3.108"/>
</testsuite> <!-- testCases.TC_004_Tenure -->
