<?xml version="1.0" encoding="UTF-8"?>
<!-- Generated by org.testng.reporters.JUnitReportReporter -->
<testsuite hostname="LTIN291834" failures="0" tests="5" name="testCases.TC_001_CarLoan" time="9.475" errors="0" timestamp="2024-02-13T10:47:02 IST" skipped="0">
  <testcase classname="testCases.TC_001_CarLoan" name="carLoanTest" time="0.050"/>
  <testcase classname="testCases.TC_001_CarLoan" name="carloanvalue" time="1.647"/>
  <testcase classname="testCases.TC_001_CarLoan" name="click_HomeLoan" time="0.513"/>
  <testcase classname="testCases.TC_001_CarLoan" name="homeLoanTest" time="3.977"/>
  <testcase classname="testCases.TC_001_CarLoan" name="excel" time="3.288"/>
</testsuite> <!-- testCases.TC_001_CarLoan -->
