<?xml version="1.0" encoding="UTF-8"?>
<!-- Generated by org.testng.reporters.JUnitReportReporter -->
<testsuite hostname="LTIN291834" failures="0" tests="4" name="testCases.TC_004_Tenure" time="10.306" errors="0" timestamp="2024-02-09T15:58:11 IST" skipped="0">
  <testcase classname="testCases.TC_004_Tenure" name="loanTenureuiTest" time="0.285"/>
  <testcase classname="testCases.TC_004_Tenure" name="loantenuretest" time="3.416"/>
  <testcase classname="testCases.TC_004_Tenure" name="loanInterestTest" time="3.093"/>
  <testcase classname="testCases.TC_004_Tenure" name="loanFeesTest" time="3.512"/>
</testsuite> <!-- testCases.TC_004_Tenure -->
