<?xml version="1.0" encoding="UTF-8"?>
<!-- Generated by org.testng.reporters.JUnitReportReporter -->
<testsuite hostname="LTIN291834" failures="0" tests="5" name="testCases.TC_002_EMI" time="11.050" errors="0" timestamp="2024-02-09T15:58:11 IST" skipped="0">
  <testcase classname="testCases.TC_002_EMI" name="emicalculator" time="0.894"/>
  <testcase classname="testCases.TC_002_EMI" name="enterLoanAmt" time="3.115"/>
  <testcase classname="testCases.TC_002_EMI" name="enterInterest" time="3.156"/>
  <testcase classname="testCases.TC_002_EMI" name="enterLoan" time="0.503"/>
  <testcase classname="testCases.TC_002_EMI" name="enterFees" time="3.382"/>
</testsuite> <!-- testCases.TC_002_EMI -->
