<?xml version="1.0" encoding="UTF-8"?>
<!-- Generated by org.testng.reporters.JUnitReportReporter -->
<testsuite hostname="LTIN291834" failures="0" tests="4" name="testCases.TC_004_Tenure" time="10.384" errors="0" timestamp="2024-02-12T12:39:18 IST" skipped="0">
  <testcase classname="testCases.TC_004_Tenure" name="loanTenureuiTest" time="0.276"/>
  <testcase classname="testCases.TC_004_Tenure" name="loantenuretest" time="3.384"/>
  <testcase classname="testCases.TC_004_Tenure" name="loanInterestTest" time="3.226"/>
  <testcase classname="testCases.TC_004_Tenure" name="loanFeesTest" time="3.498"/>
</testsuite> <!-- testCases.TC_004_Tenure -->
