<?xml version="1.0" encoding="UTF-8"?>
<!-- Generated by org.testng.reporters.JUnitReportReporter -->
<testsuite hostname="LTIN291834" failures="0" tests="5" name="testCases.TC_002_EMI" time="10.208" errors="0" timestamp="2024-02-12T12:39:18 IST" skipped="0">
  <testcase classname="testCases.TC_002_EMI" name="emicalculator" time="0.001"/>
  <testcase classname="testCases.TC_002_EMI" name="enterLoanAmt" time="3.155"/>
  <testcase classname="testCases.TC_002_EMI" name="enterInterest" time="3.115"/>
  <testcase classname="testCases.TC_002_EMI" name="enterLoan" time="0.581"/>
  <testcase classname="testCases.TC_002_EMI" name="enterFees" time="3.356"/>
</testsuite> <!-- testCases.TC_002_EMI -->
