<?xml version="1.0" encoding="UTF-8"?>
<!-- Generated by org.testng.reporters.JUnitReportReporter -->
<testsuite hostname="LTIN291834" failures="0" tests="5" name="testCases.TC_001_CarLoan" time="7.736" errors="0" timestamp="2024-02-09T17:09:40 IST" skipped="0">
  <testcase classname="testCases.TC_001_CarLoan" name="carLoanTest" time="0.063"/>
  <testcase classname="testCases.TC_001_CarLoan" name="carloanvalue" time="1.382"/>
  <testcase classname="testCases.TC_001_CarLoan" name="click_HomeLoan" time="0.472"/>
  <testcase classname="testCases.TC_001_CarLoan" name="homeLoanTest" time="3.892"/>
  <testcase classname="testCases.TC_001_CarLoan" name="excel" time="1.927"/>
</testsuite> <!-- testCases.TC_001_CarLoan -->
