<?xml version="1.0" encoding="UTF-8"?>
<!-- Generated by org.testng.reporters.JUnitReportReporter -->
<testsuite hostname="LTIN291834" failures="0" tests="3" name="testCases.TC_001_CarLoan" time="8.028" errors="0" timestamp="2024-02-07T11:19:35 IST" skipped="0">
  <testcase classname="testCases.TC_001_CarLoan" name="carLoanTest" time="1.968"/>
  <testcase classname="testCases.TC_001_CarLoan" name="homeLoanTest" time="3.899"/>
  <testcase classname="testCases.TC_001_CarLoan" name="excel" time="2.161"/>
</testsuite> <!-- testCases.TC_001_CarLoan -->
