<?xml version="1.0" encoding="UTF-8"?>
<!-- Generated by org.testng.reporters.JUnitReportReporter -->
<testsuite hostname="LTIN291834" failures="0" tests="5" name="testCases.TC_003_Amount" time="9.304" errors="0" timestamp="2024-02-09T17:09:40 IST" skipped="0">
  <testcase classname="testCases.TC_003_Amount" name="loanAmtuiTest" time="0.144"/>
  <testcase classname="testCases.TC_003_Amount" name="enterEMI" time="2.924"/>
  <testcase classname="testCases.TC_003_Amount" name="enterInterest" time="2.894"/>
  <testcase classname="testCases.TC_003_Amount" name="enterTenure" time="0.234"/>
  <testcase classname="testCases.TC_003_Amount" name="enterFees" time="3.108"/>
</testsuite> <!-- testCases.TC_003_Amount -->
