<?xml version="1.0" encoding="UTF-8"?>
<!-- Generated by org.testng.reporters.JUnitReportReporter -->
<testsuite hostname="LTIN291834" failures="0" tests="5" name="testCases.TC_003_Amount" time="39.993" errors="0" timestamp="2024-02-07T11:19:35 IST" skipped="0">
  <testcase classname="testCases.TC_003_Amount" name="loanAmtuiTest" time="0.188"/>
  <testcase classname="testCases.TC_003_Amount" name="enterEMI" time="2.959"/>
  <testcase classname="testCases.TC_003_Amount" name="enterInterest" time="13.023"/>
  <testcase classname="testCases.TC_003_Amount" name="enterTenure" time="1.114"/>
  <testcase classname="testCases.TC_003_Amount" name="enterFees" time="22.709"/>
</testsuite> <!-- testCases.TC_003_Amount -->
