<?xml version="1.0" encoding="UTF-8"?>
<!-- Generated by org.testng.reporters.JUnitReportReporter -->
<testsuite hostname="LTIN291834" failures="0" tests="3" name="testCases.TC_004_Tenure" time="69.173" errors="0" timestamp="2024-02-07T11:19:35 IST" skipped="0">
  <testcase classname="testCases.TC_004_Tenure" name="loanTenureuiTest" time="22.995"/>
  <testcase classname="testCases.TC_004_Tenure" name="loanInterestTest" time="23.140"/>
  <testcase classname="testCases.TC_004_Tenure" name="loanFeesTest" time="23.038"/>
</testsuite> <!-- testCases.TC_004_Tenure -->
