<?xml version="1.0" encoding="UTF-8"?>
<!-- Generated by org.testng.reporters.JUnitReportReporter -->
<testsuite hostname="LTIN291834" failures="0" tests="5" name="testCases.TC_001_CarLoan" time="11.514" errors="0" timestamp="2024-02-12T12:39:18 IST" skipped="0">
  <testcase classname="testCases.TC_001_CarLoan" name="carLoanTest" time="0.040"/>
  <testcase classname="testCases.TC_001_CarLoan" name="carloanvalue" time="1.609"/>
  <testcase classname="testCases.TC_001_CarLoan" name="click_HomeLoan" time="0.989"/>
  <testcase classname="testCases.TC_001_CarLoan" name="homeLoanTest" time="4.734"/>
  <testcase classname="testCases.TC_001_CarLoan" name="excel" time="4.142"/>
</testsuite> <!-- testCases.TC_001_CarLoan -->
