<?xml version="1.0" encoding="UTF-8"?>
<!-- Generated by org.testng.reporters.JUnitReportReporter -->
<testsuite hostname="LTIN291834" failures="0" tests="5" name="testCases.TC_003_Amount" time="9.845" errors="0" timestamp="2024-02-12T12:39:18 IST" skipped="0">
  <testcase classname="testCases.TC_003_Amount" name="loanAmtuiTest" time="0.213"/>
  <testcase classname="testCases.TC_003_Amount" name="enterEMI" time="3.033"/>
  <testcase classname="testCases.TC_003_Amount" name="enterInterest" time="3.030"/>
  <testcase classname="testCases.TC_003_Amount" name="enterTenure" time="0.251"/>
  <testcase classname="testCases.TC_003_Amount" name="enterFees" time="3.318"/>
</testsuite> <!-- testCases.TC_003_Amount -->
