<?xml version="1.0" encoding="UTF-8"?>
<!-- Generated by org.testng.reporters.JUnitReportReporter -->
<testsuite hostname="LTIN291834" failures="0" tests="4" name="testCases.TC_004_Tenure" time="9.268" errors="0" timestamp="2024-02-09T17:09:40 IST" skipped="0">
  <testcase classname="testCases.TC_004_Tenure" name="loanTenureuiTest" time="0.135"/>
  <testcase classname="testCases.TC_004_Tenure" name="loantenuretest" time="3.115"/>
  <testcase classname="testCases.TC_004_Tenure" name="loanInterestTest" time="2.889"/>
  <testcase classname="testCases.TC_004_Tenure" name="loanFeesTest" time="3.129"/>
</testsuite> <!-- testCases.TC_004_Tenure -->
