<?xml version="1.0" encoding="UTF-8"?>
<!-- Generated by org.testng.reporters.JUnitReportReporter -->
<testsuite hostname="LTIN291834" failures="0" tests="5" name="testCases.TC_002_EMI" time="10.124" errors="0" timestamp="2024-02-09T17:09:40 IST" skipped="0">
  <testcase classname="testCases.TC_002_EMI" name="emicalculator" time="0.831"/>
  <testcase classname="testCases.TC_002_EMI" name="enterLoanAmt" time="2.977"/>
  <testcase classname="testCases.TC_002_EMI" name="enterInterest" time="2.926"/>
  <testcase classname="testCases.TC_002_EMI" name="enterLoan" time="0.253"/>
  <testcase classname="testCases.TC_002_EMI" name="enterFees" time="3.137"/>
</testsuite> <!-- testCases.TC_002_EMI -->
