<?xml version="1.0" encoding="UTF-8"?>
<!-- Generated by org.testng.reporters.JUnitReportReporter -->
<testsuite hostname="LTIN291834" failures="0" tests="5" name="testCases.TC_002_EMI" time="10.503" errors="0" timestamp="2024-02-07T11:19:35 IST" skipped="0">
  <testcase classname="testCases.TC_002_EMI" name="emicalculator" time="1.341"/>
  <testcase classname="testCases.TC_002_EMI" name="enterLoanAmt" time="2.949"/>
  <testcase classname="testCases.TC_002_EMI" name="enterInterest" time="2.983"/>
  <testcase classname="testCases.TC_002_EMI" name="enterLoan" time="0.240"/>
  <testcase classname="testCases.TC_002_EMI" name="enterFees" time="2.990"/>
</testsuite> <!-- testCases.TC_002_EMI -->
